<?xml version="1.0" encoding="UTF-8"?>
<testsuite xmlns:xsi="http://www.w3.org/2001/XMLSchema-instance" xsi:noNamespaceSchemaLocation="https://maven.apache.org/surefire/maven-surefire-plugin/xsd/surefire-test-report.xsd" name="TestSuite" time="22.579" tests="5" errors="0" skipped="0" failures="1">
  <properties>
[...]
</properties>
  <testcase name="basePageNavigation" classname="Academy.HomePageTest" time="9.453"/>
  <testcase name="loginButtonCheck" classname="Academy.HomePageTest" time="6.864"/>
  <testcase name="login" classname="Academy.LoginPageTest" time="0.008"/>
  <testcase name="titleCheck" classname="Academy.HomePageTest" time="0.979">
    <failure message="expected [Featured Courses123] but found [Featured Courses]" type="java.lang.AssertionError">java.lang.AssertionError: expected [Featured Courses123] but found [Featured Courses]
	at Academy.HomePageTest.titleCheck(HomePageTest.java:55)
</failure>
    <system-out><![CDATA[PASSED: login

===============================================
    Login page test
    Tests run: 1, Failures: 0, Skips: 0
===============================================

Featured Courses
]]></system-out>
  </testcase>
  <testcase name="navbarCheck" classname="Academy.HomePageTest" time="0.38"/>
</testsuite>